-- function call
04.check_same(2**1)
04.check_same(2**2)
04.check_same(2**3)
04.check_same(2**4)
04.check_same(2**5)
04.check_same(2**6)
04.check_same(2**7)
04.check_same(2**8)
04.check_same(2**9)

-- output
n = 2
Matrix creation: 0:00:00.000017
Iterative: 0:00:00.000019
Recursive: 0:00:00.000032
Strassen: 0:00:00.000054
n = 4
Matrix creation: 0:00:00.000017
Iterative: 0:00:00.000056
Recursive: 0:00:00.000380
Strassen: 0:00:00.000523
n = 8
Matrix creation: 0:00:00.000024
Iterative: 0:00:00.000236
Recursive: 0:00:00.001412
Strassen: 0:00:00.002919
n = 16
Matrix creation: 0:00:00.000037
Iterative: 0:00:00.001051
Recursive: 0:00:00.016339
Strassen: 0:00:00.020314
n = 32
Matrix creation: 0:00:00.000089
Iterative: 0:00:00.008611
Recursive: 0:00:00.103768
Strassen: 0:00:00.125573
n = 64
Matrix creation: 0:00:00.000460
Iterative: 0:00:00.055758
Recursive: 0:00:00.740480
Strassen: 0:00:00.867601
n = 128
Matrix creation: 0:00:00.001539
Iterative: 0:00:00.431289
Recursive: 0:00:05.961859
Strassen: 0:00:06.095507
n = 256
Matrix creation: 0:00:00.011486
Iterative: 0:00:03.573337
Recursive: 0:00:53.377625
Strassen: 0:00:47.187659
n = 512
Matrix creation: 0:00:00.051213
Iterative: 0:00:32.841868
Recursive: 0:07:26.361590
Strassen: 0:05:49.734173

-- Insights
WHY IS N^3 FASTEST?! Or is it only for small matrices?!